TN:gcov_report
SF:/mnt/c/Users/Johan Kamiyama/C6_s21_matrix.ID_353530-1/src/s21_matrix.c
FNL:0,12,14
FNA:0,131,is_matrix_valid
FNL:1,123,142
FNA:1,2,s21_sum_matrix
FNL:2,151,170
FNA:2,1,s21_sub_matrix
FNL:3,179,196
FNA:3,2,s21_mult_number
FNL:4,205,227
FNA:4,2,s21_mult_matrix
FNL:5,23,36
FNA:5,83,get_minor_matrix
FNL:6,235,252
FNA:6,2,s21_transpose
FNL:7,260,288
FNA:7,88,s21_determinant
FNL:8,296,321
FNA:8,3,s21_calc_complements
FNL:9,329,355
FNA:9,2,s21_inverse_matrix
FNL:10,47,70
FNA:10,129,s21_create_matrix
FNL:11,76,86
FNA:11,127,s21_remove_matrix
FNL:12,94,114
FNA:12,12,s21_eq_matrix
FNF:13
FNH:13
DA:12,131
DA:13,131
DA:23,83
DA:25,83
DA:26,276
DA:27,193
DA:28,110
DA:29,384
DA:30,274
DA:31,164
DA:32,164
DA:34,110
DA:36,83
DA:47,129
DA:48,129
DA:50,129
DA:51,2
DA:53,127
DA:54,127
DA:55,127
DA:56,127
DA:57,0
DA:59,353
DA:60,226
DA:61,226
DA:62,0
DA:63,0
DA:64,0
DA:69,129
DA:76,127
DA:77,127
DA:78,353
DA:79,226
DA:81,127
DA:82,127
DA:83,127
DA:84,127
DA:86,127
DA:94,12
DA:95,12
DA:97,12
DA:98,12
DA:99,1
DA:101,36
DA:102,95
DA:103,70
DA:104,2
DA:106,2
DA:112,9
DA:113,12
DA:123,2
DA:124,2
DA:126,2
DA:127,0
DA:128,2
DA:129,1
DA:131,1
DA:132,1
DA:133,4
DA:134,12
DA:135,9
DA:141,2
DA:151,1
DA:152,1
DA:154,1
DA:155,0
DA:156,1
DA:157,0
DA:159,1
DA:160,1
DA:161,4
DA:162,12
DA:163,9
DA:169,1
DA:179,2
DA:180,2
DA:182,2
DA:183,0
DA:185,2
DA:186,2
DA:187,7
DA:188,18
DA:189,13
DA:195,2
DA:205,2
DA:206,2
DA:208,2
DA:209,0
DA:210,2
DA:211,1
DA:213,1
DA:214,1
DA:215,3
DA:216,6
DA:217,4
DA:218,16
DA:219,12
DA:226,2
DA:235,2
DA:236,2
DA:238,2
DA:239,0
DA:241,2
DA:242,2
DA:243,7
DA:244,20
DA:245,15
DA:251,2
DA:260,88
DA:261,88
DA:262,88
DA:264,88
DA:265,0
DA:266,88
DA:267,1
DA:268,87
DA:269,56
DA:271,96
DA:273,65
DA:274,65
DA:276,65
DA:277,65
DA:278,65
DA:279,65
DA:281,65
DA:282,65
DA:283,65
DA:287,88
DA:296,3
DA:297,3
DA:299,3
DA:300,0
DA:301,3
DA:302,1
DA:304,2
DA:305,2
DA:306,8
DA:307,24
DA:310,18
DA:311,18
DA:312,18
DA:313,18
DA:314,18
DA:320,3
DA:329,2
DA:330,2
DA:331,2
DA:333,2
DA:334,0
DA:336,2
DA:337,2
DA:338,2
DA:339,1
DA:342,1
DA:343,1
DA:344,1
DA:345,1
DA:346,1
DA:347,1
DA:349,1
DA:354,2
LF:161
LH:148
end_of_record
TN:gcov_report
SF:/mnt/c/Users/Johan Kamiyama/C6_s21_matrix.ID_353530-1/src/tests/s21_matrix_test.c
FNL:0,112,120
FNA:0,1,test_sum_matrix_fail_fn
FNL:1,124,143
FNA:1,1,test_sub_matrix_1_fn
FNL:2,147,163
FNA:2,1,test_mult_number_1_fn
FNL:3,167,187
FNA:3,1,test_mult_matrix_1_fn
FNL:4,17,21
FNA:4,1,test_create_matrix_fail_1_fn
FNL:5,190,198
FNA:5,1,test_mult_matrix_fail_fn
FNL:6,202,218
FNA:6,1,test_transpose_1_fn
FNL:7,222,234
FNA:7,1,test_determinant_1_fn
FNL:8,237,248
FNA:8,1,test_determinant_2_fn
FNL:9,24,28
FNA:9,1,test_create_matrix_fail_2_fn
FNL:10,251,258
FNA:10,1,test_determinant_fail_fn
FNL:11,262,280
FNA:11,1,test_complements_1_fn
FNL:12,283,289
FNA:12,1,test_complements_fail_fn
FNL:13,293,311
FNA:13,1,test_inverse_1_fn
FNL:14,314,324
FNA:14,1,test_inverse_fail_det_zero_fn
FNL:15,32,45
FNA:15,1,test_eq_matrix_1_fn
FNL:16,328,364
FNA:16,22,s21_matrix_suite
FNL:17,366,379
FNA:17,22,main
FNL:18,48,62
FNA:18,1,test_eq_matrix_fail_1_fn
FNL:19,6,14
FNA:19,1,test_create_matrix_1_fn
FNL:20,65,72
FNA:20,1,test_eq_matrix_fail_2_fn
FNL:21,75,86
FNA:21,1,test_eq_matrix_precision_fn
FNL:22,90,109
FNA:22,1,test_sum_matrix_1_fn
FNF:23
FNH:23
DA:6,1
DA:8,1
DA:9,1
DA:10,1
DA:11,1
DA:12,1
DA:13,1
DA:14,1
DA:17,1
DA:19,1
DA:20,1
DA:21,1
DA:24,1
DA:26,1
DA:27,1
DA:28,1
DA:32,1
DA:34,1
DA:35,1
DA:36,4
DA:37,12
DA:38,9
DA:39,9
DA:42,1
DA:43,1
DA:44,1
DA:45,1
DA:48,1
DA:50,1
DA:51,1
DA:52,4
DA:53,12
DA:54,9
DA:55,9
DA:58,1
DA:59,1
DA:60,1
DA:61,1
DA:62,1
DA:65,1
DA:67,1
DA:68,1
DA:69,1
DA:70,1
DA:71,1
DA:72,1
DA:75,1
DA:77,1
DA:78,1
DA:79,1
DA:80,1
DA:81,1
DA:82,1
DA:83,1
DA:84,1
DA:85,1
DA:86,1
DA:90,1
DA:92,1
DA:93,1
DA:94,1
DA:95,4
DA:96,12
DA:97,9
DA:98,9
DA:99,9
DA:102,1
DA:103,1
DA:104,1
DA:105,1
DA:106,1
DA:107,1
DA:108,1
DA:109,1
DA:112,1
DA:114,1
DA:115,1
DA:116,1
DA:117,1
DA:118,1
DA:119,1
DA:120,1
DA:124,1
DA:126,1
DA:127,1
DA:128,1
DA:129,4
DA:130,12
DA:131,9
DA:132,9
DA:133,9
DA:136,1
DA:137,1
DA:138,1
DA:139,1
DA:140,1
DA:141,1
DA:142,1
DA:143,1
DA:147,1
DA:149,1
DA:150,1
DA:151,1
DA:152,1
DA:153,1
DA:154,1
DA:155,1
DA:157,1
DA:158,1
DA:159,1
DA:160,1
DA:161,1
DA:162,1
DA:163,1
DA:167,1
DA:169,1
DA:170,1
DA:171,1
DA:172,1
DA:173,1
DA:174,1
DA:175,1
DA:176,1
DA:177,1
DA:178,1
DA:180,1
DA:181,1
DA:182,1
DA:183,1
DA:184,1
DA:185,1
DA:186,1
DA:187,1
DA:190,1
DA:192,1
DA:193,1
DA:194,1
DA:195,1
DA:196,1
DA:197,1
DA:198,1
DA:202,1
DA:204,1
DA:205,1
DA:206,1
DA:207,1
DA:208,1
DA:209,1
DA:210,1
DA:212,1
DA:213,1
DA:214,1
DA:215,1
DA:216,1
DA:217,1
DA:218,1
DA:222,1
DA:225,1
DA:226,1
DA:227,1
DA:228,1
DA:230,1
DA:231,1
DA:232,1
DA:233,1
DA:234,1
DA:237,1
DA:240,1
DA:241,1
DA:242,1
DA:244,1
DA:245,1
DA:246,1
DA:247,1
DA:248,1
DA:251,1
DA:254,1
DA:255,1
DA:256,1
DA:257,1
DA:258,1
DA:262,1
DA:264,1
DA:265,1
DA:266,1
DA:267,1
DA:268,1
DA:270,1
DA:271,1
DA:272,1
DA:274,1
DA:275,1
DA:276,1
DA:277,1
DA:278,1
DA:279,1
DA:280,1
DA:283,1
DA:285,1
DA:286,1
DA:287,1
DA:288,1
DA:289,1
DA:293,1
DA:295,1
DA:296,1
DA:297,1
DA:298,1
DA:299,1
DA:301,1
DA:302,1
DA:303,1
DA:305,1
DA:306,1
DA:307,1
DA:308,1
DA:309,1
DA:310,1
DA:311,1
DA:314,1
DA:316,1
DA:317,1
DA:318,1
DA:319,1
DA:321,1
DA:322,1
DA:323,1
DA:324,1
DA:328,22
DA:332,22
DA:335,22
DA:336,22
DA:337,22
DA:338,22
DA:339,22
DA:340,22
DA:341,22
DA:342,22
DA:343,22
DA:344,22
DA:345,22
DA:346,22
DA:347,22
DA:348,22
DA:351,22
DA:352,22
DA:353,22
DA:354,22
DA:355,22
DA:356,22
DA:357,22
DA:358,22
DA:359,22
DA:360,22
DA:361,22
DA:363,22
DA:366,22
DA:371,22
DA:372,22
DA:374,22
DA:375,1
DA:376,1
DA:378,1
LF:263
LH:263
end_of_record
